<?xml version="1.0" encoding="utf-8"?><testsuites name="pytest tests"><testsuite name="pytest" errors="0" failures="0" skipped="0" tests="13" time="75.328" timestamp="2026-08-09T16:22:14.282777+00:00" hostname="agent-env-c2924126-d92f-41a6-bbc3-78783b960767"><testcase classname="tests.backend_test.TestHealth" name="test_docs" time="0.215" /><testcase classname="tests.backend_test.TestCollage" name="test_polaroid_scrapbook_full" time="12.792" /><testcase classname="tests.backend_test.TestHealth" name="test_health" time="0.047" /><testcase classname="tests.backend_test.TestEmailInvite" name="test_send_invite_success" time="0.945" /><testcase classname="tests.backend_test.TestEmailInvite" name="test_invalid_email_returns_422" time="0.049" /><testcase classname="tests.backend_test.TestCollage" name="test_only_2_photos_returns_400" time="0.050" /><testcase classname="tests.backend_test.TestCollage" name="test_6_photos_returns_400" time="0.049" /><testcase classname="tests.backend_test.TestCollage" name="test_invalid_template_returns_422" time="0.048" /><testcase classname="tests.backend_test.TestCollage" name="test_other_templates[magazine]" time="10.516" /><testcase classname="tests.backend_test.TestCollage" name="test_other_templates[postcard]" time="10.184" /><testcase classname="tests.backend_test.TestCollage" name="test_other_templates[filmstrip]" time="18.718" /><testcase classname="tests.backend_test.TestCollage" name="test_other_templates[moodboard]" time="13.250" /><testcase classname="tests.backend_test.TestCollage" name="test_other_templates[film_photo]" time="9.377" /></testsuite></testsuites>