<?xml version="1.0" encoding="utf-8"?><testsuites name="pytest tests"><testsuite name="pytest" errors="0" failures="0" skipped="0" tests="24" time="71.662" timestamp="2026-08-09T18:14:11.171971+00:00" hostname="agent-env-c2924126-d92f-41a6-bbc3-78783b960767"><testcase classname="tests.backend_test.TestCollage" name="test_polaroid_scrapbook_full" time="10.794" /><testcase classname="tests.test_email_html.TestInviteEmailHTML" name="test_required_content_strings" time="0.001" /><testcase classname="tests.test_email_html.TestInviteEmailHTML" name="test_font_declarations_present" time="0.000" /><testcase classname="tests.test_email_html.TestInviteEmailHTML" name="test_google_fonts_link_present" time="0.000" /><testcase classname="tests.test_email_html.TestInviteEmailHTML" name="test_html_size_under_100kb" time="0.000" /><testcase classname="tests.test_email_html.TestInviteEmailHTML" name="test_no_forbidden_fonts" time="0.000" /><testcase classname="tests.test_email_html.TestInviteEmailHTML" name="test_tape_signer_strips_leading_the" time="0.000" /><testcase classname="tests.test_email_html.TestInviteEmailHTML" name="test_uppercase_passenger_and_destination" time="0.000" /><testcase classname="tests.test_email_html.TestInviteEmailHTML" name="test_randomized_flight_gate_seat" time="0.000" /><testcase classname="tests.test_email_html.TestInviteEmailHTML" name="test_tape_signer_fallback_when_only_filler" time="0.000" /><testcase classname="tests.test_email_html.TestInviteEmailHTML" name="test_hero_and_accept_url_rendered" time="0.000" /><testcase classname="tests.test_email_html.TestInviteEmailHTML" name="test_quote_rendered" time="0.000" /><testcase classname="tests.backend_test.TestHealth" name="test_docs" time="0.078" /><testcase classname="tests.backend_test.TestHealth" name="test_health" time="0.102" /><testcase classname="tests.backend_test.TestEmailInvite" name="test_send_invite_success" time="1.142" /><testcase classname="tests.backend_test.TestEmailInvite" name="test_invalid_email_returns_422" time="0.048" /><testcase classname="tests.backend_test.TestCollage" name="test_only_2_photos_returns_400" time="0.008" /><testcase classname="tests.backend_test.TestCollage" name="test_6_photos_returns_400" time="0.049" /><testcase classname="tests.backend_test.TestCollage" name="test_invalid_template_returns_422" time="0.048" /><testcase classname="tests.backend_test.TestCollage" name="test_other_templates[magazine]" time="11.023" /><testcase classname="tests.backend_test.TestCollage" name="test_other_templates[postcard]" time="11.802" /><testcase classname="tests.backend_test.TestCollage" name="test_other_templates[filmstrip]" time="11.539" /><testcase classname="tests.backend_test.TestCollage" name="test_other_templates[moodboard]" time="17.603" /><testcase classname="tests.backend_test.TestCollage" name="test_other_templates[film_photo]" time="8.485" /></testsuite></testsuites>